# JRE version: OpenJDK Runtime Environment Temurin-21.0.10+7 (21.0.10+7) (build 21.0.10+7-LTS)
# Java VM: OpenJDK 64-Bit Server VM Temurin-21.0.10+7 (21.0.10+7-LTS, mixed mode, sharing, tiered, compressed oops, compressed class ptrs, parallel gc, windows-amd64)
GC Precious Log:
 CardTable entry size: 512
 CPUs: 32 total, 32 available
 Memory: 32559M
 Large Page Support: Disabled
 NUMA Support: Disabled
 Compressed Oops: Enabled (Zero based)
 Alignments: Space 512K, Generation 512K, Heap 2M
 Heap Min Capacity: 100M
 Heap Initial Capacity: 100M
 Heap Max Capacity: 3G
 Pre-touch: Disabled
 Parallel Workers: 23
Heap:
 PSYoungGen      total 20480K, used 16684K [0x00000007c0000000, 0x00000007c1f00000, 0x0000000800000000)
  eden space 9216K, 64% used [0x00000007c0000000,0x00000007c05d2130,0x00000007c0900000)
  from space 11264K, 96% used [0x00000007c1400000,0x00000007c1e99570,0x00000007c1f00000)
  to   space 11264K, 0% used [0x00000007c0900000,0x00000007c0900000,0x00000007c1400000)
 ParOldGen       total 2097152K, used 212438K [0x0000000740000000, 0x00000007c0000000, 0x00000007c0000000)
  object space 2097152K, 10% used [0x0000000740000000,0x000000074cf75888,0x00000007c0000000)
 Metaspace       used 81063K, committed 82560K, reserved 1179648K
  class space    used 9060K, committed 9728K, reserved 1048576K
GC Heap History (20 events):
Event: 99.347 GC heap before
{Heap before GC invocations=1163 (full 5):
 PSYoungGen      total 22016K, used 21985K [0x00000007c0000000, 0x00000007c2580000, 0x0000000800000000)
  eden space 9216K, 100% used [0x00000007c0000000,0x00000007c0900000,0x00000007c0900000)
  from space 12800K, 99% used [0x00000007c0900000,0x00000007c15785a0,0x00000007c1580000)
  to   space 14336K, 0% used [0x00000007c1780000,0x00000007c1780000,0x00000007c2580000)
 ParOldGen       total 2097152K, used 197197K [0x0000000740000000, 0x00000007c0000000, 0x00000007c0000000)
  object space 2097152K, 9% used [0x0000000740000000,0x000000074c0935d8,0x00000007c0000000)
 Metaspace       used 80965K, committed 82432K, reserved 1179648K
  class space    used 9059K, committed 9728K, reserved 1048576K
}
Event: 99.358 GC heap after
{Heap after GC invocations=1163 (full 5):
 PSYoungGen      total 20992K, used 10921K [0x00000007c0000000, 0x00000007c2280000, 0x0000000800000000)
  eden space 9728K, 0% used [0x00000007c0000000,0x00000007c0000000,0x00000007c0980000)
  from space 11264K, 96% used [0x00000007c1780000,0x00000007c222a748,0x00000007c2280000)
  to   space 12288K, 0% used [0x00000007c0a80000,0x00000007c0a80000,0x00000007c1680000)
 ParOldGen       total 2097152K, used 199798K [0x0000000740000000, 0x00000007c0000000, 0x00000007c0000000)
  object space 2097152K, 9% used [0x0000000740000000,0x000000074c31d8f0,0x00000007c0000000)
 Metaspace       used 80965K, committed 82432K, reserved 1179648K
  class space    used 9059K, committed 9728K, reserved 1048576K
}
Event: 99.409 GC heap before
{Heap before GC invocations=1164 (full 5):
 PSYoungGen      total 20992K, used 20649K [0x00000007c0000000, 0x00000007c2280000, 0x0000000800000000)
  eden space 9728K, 100% used [0x00000007c0000000,0x00000007c0980000,0x00000007c0980000)
  from space 11264K, 96% used [0x00000007c1780000,0x00000007c222a748,0x00000007c2280000)
  to   space 12288K, 0% used [0x00000007c0a80000,0x00000007c0a80000,0x00000007c1680000)
 ParOldGen       total 2097152K, used 199798K [0x0000000740000000, 0x00000007c0000000, 0x00000007c0000000)
  object space 2097152K, 9% used [0x0000000740000000,0x000000074c31d8f0,0x00000007c0000000)
 Metaspace       used 80965K, committed 82432K, reserved 1179648K
  class space    used 9059K, committed 9728K, reserved 1048576K
}
Event: 99.418 GC heap after
{Heap after GC invocations=1164 (full 5):
 PSYoungGen      total 21504K, used 11002K [0x00000007c0000000, 0x00000007c2000000, 0x0000000800000000)
  eden space 10240K, 0% used [0x00000007c0000000,0x00000007c0000000,0x00000007c0a00000)
  from space 11264K, 97% used [0x00000007c0a80000,0x00000007c153eb88,0x00000007c1580000)
  to   space 10752K, 0% used [0x00000007c1580000,0x00000007c1580000,0x00000007c2000000)
 ParOldGen       total 2097152K, used 199798K [0x0000000740000000, 0x00000007c0000000, 0x00000007c0000000)
  object space 2097152K, 9% used [0x0000000740000000,0x000000074c31d8f0,0x00000007c0000000)
 Metaspace       used 80965K, committed 82432K, reserved 1179648K
  class space    used 9059K, committed 9728K, reserved 1048576K
}
Event: 99.562 GC heap before
{Heap before GC invocations=1165 (full 5):
 PSYoungGen      total 21504K, used 21242K [0x00000007c0000000, 0x00000007c2000000, 0x0000000800000000)
  eden space 10240K, 100% used [0x00000007c0000000,0x00000007c0a00000,0x00000007c0a00000)
  from space 11264K, 97% used [0x00000007c0a80000,0x00000007c153eb88,0x00000007c1580000)
  to   space 10752K, 0% used [0x00000007c1580000,0x00000007c1580000,0x00000007c2000000)
 ParOldGen       total 2097152K, used 199798K [0x0000000740000000, 0x00000007c0000000, 0x00000007c0000000)
  object space 2097152K, 9% used [0x0000000740000000,0x000000074c31d8f0,0x00000007c0000000)
 Metaspace       used 80965K, committed 82432K, reserved 1179648K
  class space    used 9059K, committed 9728K, reserved 1048576K
}
Event: 99.569 GC heap after
{Heap after GC invocations=1165 (full 5):
 PSYoungGen      total 21504K, used 10737K [0x00000007c0000000, 0x00000007c2080000, 0x0000000800000000)
  eden space 10752K, 0% used [0x00000007c0000000,0x00000007c0000000,0x00000007c0a80000)
  from space 10752K, 99% used [0x00000007c1580000,0x00000007c1ffc748,0x00000007c2000000)
  to   space 11264K, 0% used [0x00000007c0a80000,0x00000007c0a80000,0x00000007c1580000)
 ParOldGen       total 2097152K, used 200126K [0x0000000740000000, 0x00000007c0000000, 0x00000007c0000000)
  object space 2097152K, 9% used [0x0000000740000000,0x000000074c36f900,0x00000007c0000000)
 Metaspace       used 80965K, committed 82432K, reserved 1179648K
  class space    used 9059K, committed 9728K, reserved 1048576K
}
Event: 99.676 GC heap before
{Heap before GC invocations=1166 (full 5):
 PSYoungGen      total 21504K, used 21489K [0x00000007c0000000, 0x00000007c2080000, 0x0000000800000000)
  eden space 10752K, 100% used [0x00000007c0000000,0x00000007c0a80000,0x00000007c0a80000)
  from space 10752K, 99% used [0x00000007c1580000,0x00000007c1ffc748,0x00000007c2000000)
  to   space 11264K, 0% used [0x00000007c0a80000,0x00000007c0a80000,0x00000007c1580000)
 ParOldGen       total 2097152K, used 200126K [0x0000000740000000, 0x00000007c0000000, 0x00000007c0000000)
  object space 2097152K, 9% used [0x0000000740000000,0x000000074c36f900,0x00000007c0000000)
 Metaspace       used 80965K, committed 82432K, reserved 1179648K
  class space    used 9059K, committed 9728K, reserved 1048576K
}
Event: 99.684 GC heap after
{Heap after GC invocations=1166 (full 5):
 PSYoungGen      total 22016K, used 10168K [0x00000007c0000000, 0x00000007c2000000, 0x0000000800000000)
  eden space 10752K, 0% used [0x00000007c0000000,0x00000007c0000000,0x00000007c0a80000)
  from space 11264K, 90% used [0x00000007c0a80000,0x00000007c146e120,0x00000007c1580000)
  to   space 10752K, 0% used [0x00000007c1580000,0x00000007c1580000,0x00000007c2000000)
 ParOldGen       total 2097152K, used 202469K [0x0000000740000000, 0x00000007c0000000, 0x00000007c0000000)
  object space 2097152K, 9% used [0x0000000740000000,0x000000074c5b9548,0x00000007c0000000)
 Metaspace       used 80965K, committed 82432K, reserved 1179648K
  class space    used 9059K, committed 9728K, reserved 1048576K
}
Event: 99.842 GC heap before
{Heap before GC invocations=1167 (full 5):
 PSYoungGen      total 22016K, used 20920K [0x00000007c0000000, 0x00000007c2000000, 0x0000000800000000)
  eden space 10752K, 100% used [0x00000007c0000000,0x00000007c0a80000,0x00000007c0a80000)
  from space 11264K, 90% used [0x00000007c0a80000,0x00000007c146e120,0x00000007c1580000)
  to   space 10752K, 0% used [0x00000007c1580000,0x00000007c1580000,0x00000007c2000000)
 ParOldGen       total 2097152K, used 202469K [0x0000000740000000, 0x00000007c0000000, 0x00000007c0000000)
  object space 2097152K, 9% used [0x0000000740000000,0x000000074c5b9548,0x00000007c0000000)
 Metaspace       used 80969K, committed 82432K, reserved 1179648K
  class space    used 9059K, committed 9728K, reserved 1048576K
}
Event: 99.855 GC heap after
{Heap after GC invocations=1167 (full 5):
 PSYoungGen      total 20992K, used 10721K [0x00000007c0000000, 0x00000007c2200000, 0x0000000800000000)
  eden space 10240K, 0% used [0x00000007c0000000,0x00000007c0000000,0x00000007c0a00000)
  from space 10752K, 99% used [0x00000007c1580000,0x00000007c1ff8678,0x00000007c2000000)
  to   space 11776K, 0% used [0x00000007c0a00000,0x00000007c0a00000,0x00000007c1580000)
 ParOldGen       total 2097152K, used 203227K [0x0000000740000000, 0x00000007c0000000, 0x00000007c0000000)
  object space 2097152K, 9% used [0x0000000740000000,0x000000074c676c78,0x00000007c0000000)
 Metaspace       used 80969K, committed 82432K, reserved 1179648K
  class space    used 9059K, committed 9728K, reserved 1048576K
}
Event: 100.019 GC heap before
{Heap before GC invocations=1168 (full 5):
 PSYoungGen      total 20992K, used 20961K [0x00000007c0000000, 0x00000007c2200000, 0x0000000800000000)
  eden space 10240K, 100% used [0x00000007c0000000,0x00000007c0a00000,0x00000007c0a00000)
  from space 10752K, 99% used [0x00000007c1580000,0x00000007c1ff8678,0x00000007c2000000)
  to   space 11776K, 0% used [0x00000007c0a00000,0x00000007c0a00000,0x00000007c1580000)
 ParOldGen       total 2097152K, used 203227K [0x0000000740000000, 0x00000007c0000000, 0x00000007c0000000)
  object space 2097152K, 9% used [0x0000000740000000,0x000000074c676c78,0x00000007c0000000)
 Metaspace       used 80974K, committed 82432K, reserved 1179648K
  class space    used 9060K, committed 9728K, reserved 1048576K
}
Event: 100.030 GC heap after
{Heap after GC invocations=1168 (full 5):
 PSYoungGen      total 22016K, used 10917K [0x00000007c0000000, 0x00000007c2080000, 0x0000000800000000)
  eden space 10240K, 0% used [0x00000007c0000000,0x00000007c0000000,0x00000007c0a00000)
  from space 11776K, 92% used [0x00000007c0a00000,0x00000007c14a94d0,0x00000007c1580000)
  to   space 11264K, 0% used [0x00000007c1580000,0x00000007c1580000,0x00000007c2080000)
 ParOldGen       total 2097152K, used 205145K [0x0000000740000000, 0x00000007c0000000, 0x00000007c0000000)
  object space 2097152K, 9% used [0x0000000740000000,0x000000074c856700,0x00000007c0000000)
 Metaspace       used 80974K, committed 82432K, reserved 1179648K
  class space    used 9060K, committed 9728K, reserved 1048576K
}
Event: 100.603 GC heap before
{Heap before GC invocations=1169 (full 5):
 PSYoungGen      total 22016K, used 21157K [0x00000007c0000000, 0x00000007c2080000, 0x0000000800000000)
  eden space 10240K, 100% used [0x00000007c0000000,0x00000007c0a00000,0x00000007c0a00000)
  from space 11776K, 92% used [0x00000007c0a00000,0x00000007c14a94d0,0x00000007c1580000)
  to   space 11264K, 0% used [0x00000007c1580000,0x00000007c1580000,0x00000007c2080000)
 ParOldGen       total 2097152K, used 205145K [0x0000000740000000, 0x00000007c0000000, 0x00000007c0000000)
  object space 2097152K, 9% used [0x0000000740000000,0x000000074c856700,0x00000007c0000000)
 Metaspace       used 80986K, committed 82496K, reserved 1179648K
  class space    used 9060K, committed 9728K, reserved 1048576K
}
Event: 100.612 GC heap after
{Heap after GC invocations=1169 (full 5):
 PSYoungGen      total 20480K, used 11245K [0x00000007c0000000, 0x00000007c2380000, 0x0000000800000000)
  eden space 9216K, 0% used [0x00000007c0000000,0x00000007c0000000,0x00000007c0900000)
  from space 11264K, 99% used [0x00000007c1580000,0x00000007c207b540,0x00000007c2080000)
  to   space 12800K, 0% used [0x00000007c0900000,0x00000007c0900000,0x00000007c1580000)
 ParOldGen       total 2097152K, used 206068K [0x0000000740000000, 0x00000007c0000000, 0x00000007c0000000)
  object space 2097152K, 9% used [0x0000000740000000,0x000000074c93d3a8,0x00000007c0000000)
 Metaspace       used 80986K, committed 82496K, reserved 1179648K
  class space    used 9060K, committed 9728K, reserved 1048576K
}
Event: 100.748 GC heap before
{Heap before GC invocations=1170 (full 5):
 PSYoungGen      total 20480K, used 20461K [0x00000007c0000000, 0x00000007c2380000, 0x0000000800000000)
  eden space 9216K, 100% used [0x00000007c0000000,0x00000007c0900000,0x00000007c0900000)
  from space 11264K, 99% used [0x00000007c1580000,0x00000007c207b540,0x00000007c2080000)
  to   space 12800K, 0% used [0x00000007c0900000,0x00000007c0900000,0x00000007c1580000)
 ParOldGen       total 2097152K, used 206068K [0x0000000740000000, 0x00000007c0000000, 0x00000007c0000000)
  object space 2097152K, 9% used [0x0000000740000000,0x000000074c93d3a8,0x00000007c0000000)
 Metaspace       used 80986K, committed 82496K, reserved 1179648K
  class space    used 9060K, committed 9728K, reserved 1048576K
}
Event: 100.761 GC heap after
{Heap after GC invocations=1170 (full 5):
 PSYoungGen      total 19968K, used 10668K [0x00000007c0000000, 0x00000007c1f80000, 0x0000000800000000)
  eden space 9216K, 0% used [0x00000007c0000000,0x00000007c0000000,0x00000007c0900000)
  from space 10752K, 99% used [0x00000007c0900000,0x00000007c136b100,0x00000007c1380000)
  to   space 11264K, 0% used [0x00000007c1480000,0x00000007c1480000,0x00000007c1f80000)
 ParOldGen       total 2097152K, used 207838K [0x0000000740000000, 0x00000007c0000000, 0x00000007c0000000)
  object space 2097152K, 9% used [0x0000000740000000,0x000000074caf7bc0,0x00000007c0000000)
 Metaspace       used 80986K, committed 82496K, reserved 1179648K
  class space    used 9060K, committed 9728K, reserved 1048576K
}
Event: 100.878 GC heap before
{Heap before GC invocations=1171 (full 5):
 PSYoungGen      total 19968K, used 19884K [0x00000007c0000000, 0x00000007c1f80000, 0x0000000800000000)
  eden space 9216K, 100% used [0x00000007c0000000,0x00000007c0900000,0x00000007c0900000)
  from space 10752K, 99% used [0x00000007c0900000,0x00000007c136b100,0x00000007c1380000)
  to   space 11264K, 0% used [0x00000007c1480000,0x00000007c1480000,0x00000007c1f80000)
 ParOldGen       total 2097152K, used 207838K [0x0000000740000000, 0x00000007c0000000, 0x00000007c0000000)
  object space 2097152K, 9% used [0x0000000740000000,0x000000074caf7bc0,0x00000007c0000000)
 Metaspace       used 81033K, committed 82496K, reserved 1179648K
  class space    used 9060K, committed 9728K, reserved 1048576K
}
Event: 100.888 GC heap after
{Heap after GC invocations=1171 (full 5):
 PSYoungGen      total 19968K, used 11240K [0x00000007c0000000, 0x00000007c2180000, 0x0000000800000000)
  eden space 8704K, 0% used [0x00000007c0000000,0x00000007c0000000,0x00000007c0880000)
  from space 11264K, 99% used [0x00000007c1480000,0x00000007c1f7a288,0x00000007c1f80000)
  to   space 12288K, 0% used [0x00000007c0880000,0x00000007c0880000,0x00000007c1480000)
 ParOldGen       total 2097152K, used 208278K [0x0000000740000000, 0x00000007c0000000, 0x00000007c0000000)
  object space 2097152K, 9% used [0x0000000740000000,0x000000074cb65bf0,0x00000007c0000000)
 Metaspace       used 81033K, committed 82496K, reserved 1179648K
  class space    used 9060K, committed 9728K, reserved 1048576K
}
Event: 101.051 GC heap before
{Heap before GC invocations=1172 (full 5):
 PSYoungGen      total 19968K, used 19944K [0x00000007c0000000, 0x00000007c2180000, 0x0000000800000000)
  eden space 8704K, 100% used [0x00000007c0000000,0x00000007c0880000,0x00000007c0880000)
  from space 11264K, 99% used [0x00000007c1480000,0x00000007c1f7a288,0x00000007c1f80000)
  to   space 12288K, 0% used [0x00000007c0880000,0x00000007c0880000,0x00000007c1480000)
 ParOldGen       total 2097152K, used 208278K [0x0000000740000000, 0x00000007c0000000, 0x00000007c0000000)
  object space 2097152K, 9% used [0x0000000740000000,0x000000074cb65bf0,0x00000007c0000000)
 Metaspace       used 81035K, committed 82496K, reserved 1179648K
  class space    used 9060K, committed 9728K, reserved 1048576K
}
Event: 101.062 GC heap after
{Heap after GC invocations=1172 (full 5):
 PSYoungGen      total 19456K, used 10742K [0x00000007c0000000, 0x00000007c1f00000, 0x0000000800000000)
  eden space 8704K, 0% used [0x00000007c0000000,0x00000007c0000000,0x00000007c0880000)
  from space 10752K, 99% used [0x00000007c0880000,0x00000007c12fd988,0x00000007c1300000)
  to   space 11264K, 0% used [0x00000007c1400000,0x00000007c1400000,0x00000007c1f00000)
 ParOldGen       total 2097152K, used 209969K [0x0000000740000000, 0x00000007c0000000, 0x00000007c0000000)
  object space 2097152K, 10% used [0x0000000740000000,0x000000074cd0c688,0x00000007c0000000)
 Metaspace       used 81035K, committed 82496K, reserved 1179648K
  class space    used 9060K, committed 9728K, reserved 1048576K
}

