# JRE version: OpenJDK Runtime Environment Temurin-21.0.10+7 (21.0.10+7) (build 21.0.10+7-LTS)
# Java VM: OpenJDK 64-Bit Server VM Temurin-21.0.10+7 (21.0.10+7-LTS, mixed mode, sharing, tiered, compressed oops, compressed class ptrs, parallel gc, windows-amd64)
GC Precious Log:
 CardTable entry size: 512
 CPUs: 32 total, 32 available
 Memory: 32559M
 Large Page Support: Disabled
 NUMA Support: Disabled
 Compressed Oops: Enabled (Zero based)
 Alignments: Space 512K, Generation 512K, Heap 2M
 Heap Min Capacity: 100M
 Heap Initial Capacity: 100M
 Heap Max Capacity: 3G
 Pre-touch: Disabled
 Parallel Workers: 23
Heap:
 PSYoungGen      total 5632K, used 5312K [0x00000007c0000000, 0x00000007c0680000, 0x0000000800000000)
  eden space 4608K, 100% used [0x00000007c0000000,0x00000007c0480000,0x00000007c0480000)
  from space 1024K, 68% used [0x00000007c0480000,0x00000007c0530000,0x00000007c0580000)
  to   space 1024K, 0% used [0x00000007c0580000,0x00000007c0580000,0x00000007c0680000)
 ParOldGen       total 506880K, used 506503K [0x0000000740000000, 0x000000075ef00000, 0x00000007c0000000)
  object space 506880K, 99% used [0x0000000740000000,0x000000075eea1c38,0x000000075ef00000)
 Metaspace       used 75785K, committed 77568K, reserved 1179648K
  class space    used 8683K, committed 9472K, reserved 1048576K
GC Heap History (20 events):
Event: 99.257 GC heap before
{Heap before GC invocations=391 (full 3):
 PSYoungGen      total 4096K, used 3712K [0x00000007c0000000, 0x00000007c0580000, 0x0000000800000000)
  eden space 3072K, 100% used [0x00000007c0000000,0x00000007c0300000,0x00000007c0300000)
  from space 1024K, 62% used [0x00000007c0300000,0x00000007c03a0000,0x00000007c0400000)
  to   space 1024K, 0% used [0x00000007c0480000,0x00000007c0480000,0x00000007c0580000)
 ParOldGen       total 502784K, used 502395K [0x0000000740000000, 0x000000075eb00000, 0x00000007c0000000)
  object space 502784K, 99% used [0x0000000740000000,0x000000075ea9edc8,0x000000075eb00000)
 Metaspace       used 75670K, committed 77440K, reserved 1179648K
  class space    used 8682K, committed 9472K, reserved 1048576K
}
Event: 99.260 GC heap after
{Heap after GC invocations=391 (full 3):
 PSYoungGen      total 4096K, used 640K [0x00000007c0000000, 0x00000007c0580000, 0x0000000800000000)
  eden space 3072K, 0% used [0x00000007c0000000,0x00000007c0000000,0x00000007c0300000)
  from space 1024K, 62% used [0x00000007c0480000,0x00000007c0520000,0x00000007c0580000)
  to   space 1024K, 0% used [0x00000007c0300000,0x00000007c0300000,0x00000007c0400000)
 ParOldGen       total 502784K, used 502587K [0x0000000740000000, 0x000000075eb00000, 0x00000007c0000000)
  object space 502784K, 99% used [0x0000000740000000,0x000000075eacedd8,0x000000075eb00000)
 Metaspace       used 75670K, committed 77440K, reserved 1179648K
  class space    used 8682K, committed 9472K, reserved 1048576K
}
Event: 99.267 GC heap before
{Heap before GC invocations=392 (full 3):
 PSYoungGen      total 4096K, used 3712K [0x00000007c0000000, 0x00000007c0580000, 0x0000000800000000)
  eden space 3072K, 100% used [0x00000007c0000000,0x00000007c0300000,0x00000007c0300000)
  from space 1024K, 62% used [0x00000007c0480000,0x00000007c0520000,0x00000007c0580000)
  to   space 1024K, 0% used [0x00000007c0300000,0x00000007c0300000,0x00000007c0400000)
 ParOldGen       total 502784K, used 502587K [0x0000000740000000, 0x000000075eb00000, 0x00000007c0000000)
  object space 502784K, 99% used [0x0000000740000000,0x000000075eacedd8,0x000000075eb00000)
 Metaspace       used 75678K, committed 77440K, reserved 1179648K
  class space    used 8682K, committed 9472K, reserved 1048576K
}
Event: 99.269 GC heap after
{Heap after GC invocations=392 (full 3):
 PSYoungGen      total 4096K, used 544K [0x00000007c0000000, 0x00000007c0600000, 0x0000000800000000)
  eden space 3072K, 0% used [0x00000007c0000000,0x00000007c0000000,0x00000007c0300000)
  from space 1024K, 53% used [0x00000007c0300000,0x00000007c0388000,0x00000007c0400000)
  to   space 1024K, 0% used [0x00000007c0500000,0x00000007c0500000,0x00000007c0600000)
 ParOldGen       total 502784K, used 502763K [0x0000000740000000, 0x000000075eb00000, 0x00000007c0000000)
  object space 502784K, 99% used [0x0000000740000000,0x000000075eafadd8,0x000000075eb00000)
 Metaspace       used 75678K, committed 77440K, reserved 1179648K
  class space    used 8682K, committed 9472K, reserved 1048576K
}
Event: 99.292 GC heap before
{Heap before GC invocations=393 (full 3):
 PSYoungGen      total 4096K, used 3616K [0x00000007c0000000, 0x00000007c0600000, 0x0000000800000000)
  eden space 3072K, 100% used [0x00000007c0000000,0x00000007c0300000,0x00000007c0300000)
  from space 1024K, 53% used [0x00000007c0300000,0x00000007c0388000,0x00000007c0400000)
  to   space 1024K, 0% used [0x00000007c0500000,0x00000007c0500000,0x00000007c0600000)
 ParOldGen       total 502784K, used 502763K [0x0000000740000000, 0x000000075eb00000, 0x00000007c0000000)
  object space 502784K, 99% used [0x0000000740000000,0x000000075eafadd8,0x000000075eb00000)
 Metaspace       used 75686K, committed 77440K, reserved 1179648K
  class space    used 8682K, committed 9472K, reserved 1048576K
}
Event: 99.306 GC heap after
{Heap after GC invocations=393 (full 3):
 PSYoungGen      total 5120K, used 544K [0x00000007c0000000, 0x00000007c0600000, 0x0000000800000000)
  eden space 4096K, 0% used [0x00000007c0000000,0x00000007c0000000,0x00000007c0400000)
  from space 1024K, 53% used [0x00000007c0500000,0x00000007c0588000,0x00000007c0600000)
  to   space 1024K, 0% used [0x00000007c0400000,0x00000007c0400000,0x00000007c0500000)
 ParOldGen       total 503296K, used 502971K [0x0000000740000000, 0x000000075eb80000, 0x00000007c0000000)
  object space 503296K, 99% used [0x0000000740000000,0x000000075eb2edd8,0x000000075eb80000)
 Metaspace       used 75686K, committed 77440K, reserved 1179648K
  class space    used 8682K, committed 9472K, reserved 1048576K
}
Event: 99.320 GC heap before
{Heap before GC invocations=394 (full 3):
 PSYoungGen      total 5120K, used 4640K [0x00000007c0000000, 0x00000007c0600000, 0x0000000800000000)
  eden space 4096K, 100% used [0x00000007c0000000,0x00000007c0400000,0x00000007c0400000)
  from space 1024K, 53% used [0x00000007c0500000,0x00000007c0588000,0x00000007c0600000)
  to   space 1024K, 0% used [0x00000007c0400000,0x00000007c0400000,0x00000007c0500000)
 ParOldGen       total 503296K, used 502971K [0x0000000740000000, 0x000000075eb80000, 0x00000007c0000000)
  object space 503296K, 99% used [0x0000000740000000,0x000000075eb2edd8,0x000000075eb80000)
 Metaspace       used 75687K, committed 77440K, reserved 1179648K
  class space    used 8682K, committed 9472K, reserved 1048576K
}
Event: 99.335 GC heap after
{Heap after GC invocations=394 (full 3):
 PSYoungGen      total 5120K, used 863K [0x00000007c0000000, 0x00000007c0700000, 0x0000000800000000)
  eden space 4096K, 0% used [0x00000007c0000000,0x00000007c0000000,0x00000007c0400000)
  from space 1024K, 84% used [0x00000007c0400000,0x00000007c04d7c40,0x00000007c0500000)
  to   space 1024K, 0% used [0x00000007c0600000,0x00000007c0600000,0x00000007c0700000)
 ParOldGen       total 503296K, used 503171K [0x0000000740000000, 0x000000075eb80000, 0x00000007c0000000)
  object space 503296K, 99% used [0x0000000740000000,0x000000075eb60dd8,0x000000075eb80000)
 Metaspace       used 75687K, committed 77440K, reserved 1179648K
  class space    used 8682K, committed 9472K, reserved 1048576K
}
Event: 99.345 GC heap before
{Heap before GC invocations=395 (full 3):
 PSYoungGen      total 5120K, used 4959K [0x00000007c0000000, 0x00000007c0700000, 0x0000000800000000)
  eden space 4096K, 99% used [0x00000007c0000000,0x00000007c03ffff8,0x00000007c0400000)
  from space 1024K, 84% used [0x00000007c0400000,0x00000007c04d7c40,0x00000007c0500000)
  to   space 1024K, 0% used [0x00000007c0600000,0x00000007c0600000,0x00000007c0700000)
 ParOldGen       total 503296K, used 503171K [0x0000000740000000, 0x000000075eb80000, 0x00000007c0000000)
  object space 503296K, 99% used [0x0000000740000000,0x000000075eb60dd8,0x000000075eb80000)
 Metaspace       used 75688K, committed 77440K, reserved 1179648K
  class space    used 8683K, committed 9472K, reserved 1048576K
}
Event: 99.347 GC heap after
{Heap after GC invocations=395 (full 3):
 PSYoungGen      total 5120K, used 672K [0x00000007c0000000, 0x00000007c0700000, 0x0000000800000000)
  eden space 4096K, 0% used [0x00000007c0000000,0x00000007c0000000,0x00000007c0400000)
  from space 1024K, 65% used [0x00000007c0600000,0x00000007c06a8000,0x00000007c0700000)
  to   space 1024K, 0% used [0x00000007c0400000,0x00000007c0400000,0x00000007c0500000)
 ParOldGen       total 503808K, used 503339K [0x0000000740000000, 0x000000075ec00000, 0x00000007c0000000)
  object space 503808K, 99% used [0x0000000740000000,0x000000075eb8add8,0x000000075ec00000)
 Metaspace       used 75688K, committed 77440K, reserved 1179648K
  class space    used 8683K, committed 9472K, reserved 1048576K
}
Event: 99.388 GC heap before
{Heap before GC invocations=396 (full 3):
 PSYoungGen      total 5120K, used 4768K [0x00000007c0000000, 0x00000007c0700000, 0x0000000800000000)
  eden space 4096K, 100% used [0x00000007c0000000,0x00000007c0400000,0x00000007c0400000)
  from space 1024K, 65% used [0x00000007c0600000,0x00000007c06a8000,0x00000007c0700000)
  to   space 1024K, 0% used [0x00000007c0400000,0x00000007c0400000,0x00000007c0500000)
 ParOldGen       total 503808K, used 503339K [0x0000000740000000, 0x000000075ec00000, 0x00000007c0000000)
  object space 503808K, 99% used [0x0000000740000000,0x000000075eb8add8,0x000000075ec00000)
 Metaspace       used 75700K, committed 77504K, reserved 1179648K
  class space    used 8683K, committed 9472K, reserved 1048576K
}
Event: 99.392 GC heap after
{Heap after GC invocations=396 (full 3):
 PSYoungGen      total 5120K, used 1024K [0x00000007c0000000, 0x00000007c0700000, 0x0000000800000000)
  eden space 4096K, 0% used [0x00000007c0000000,0x00000007c0000000,0x00000007c0400000)
  from space 1024K, 100% used [0x00000007c0400000,0x00000007c0500000,0x00000007c0500000)
  to   space 1536K, 0% used [0x00000007c0580000,0x00000007c0580000,0x00000007c0700000)
 ParOldGen       total 503808K, used 503555K [0x0000000740000000, 0x000000075ec00000, 0x00000007c0000000)
  object space 503808K, 99% used [0x0000000740000000,0x000000075ebc0dd8,0x000000075ec00000)
 Metaspace       used 75700K, committed 77504K, reserved 1179648K
  class space    used 8683K, committed 9472K, reserved 1048576K
}
Event: 99.437 GC heap before
{Heap before GC invocations=397 (full 3):
 PSYoungGen      total 5120K, used 5120K [0x00000007c0000000, 0x00000007c0700000, 0x0000000800000000)
  eden space 4096K, 100% used [0x00000007c0000000,0x00000007c0400000,0x00000007c0400000)
  from space 1024K, 100% used [0x00000007c0400000,0x00000007c0500000,0x00000007c0500000)
  to   space 1536K, 0% used [0x00000007c0580000,0x00000007c0580000,0x00000007c0700000)
 ParOldGen       total 503808K, used 503555K [0x0000000740000000, 0x000000075ec00000, 0x00000007c0000000)
  object space 503808K, 99% used [0x0000000740000000,0x000000075ebc0dd8,0x000000075ec00000)
 Metaspace       used 75733K, committed 77504K, reserved 1179648K
  class space    used 8683K, committed 9472K, reserved 1048576K
}
Event: 99.462 GC heap after
{Heap after GC invocations=397 (full 3):
 PSYoungGen      total 6144K, used 818K [0x00000007c0000000, 0x00000007c0700000, 0x0000000800000000)
  eden space 4608K, 0% used [0x00000007c0000000,0x00000007c0000000,0x00000007c0480000)
  from space 1536K, 53% used [0x00000007c0580000,0x00000007c064c948,0x00000007c0700000)
  to   space 1024K, 0% used [0x00000007c0480000,0x00000007c0480000,0x00000007c0580000)
 ParOldGen       total 504320K, used 504243K [0x0000000740000000, 0x000000075ec80000, 0x00000007c0000000)
  object space 504320K, 99% used [0x0000000740000000,0x000000075ec6cdd8,0x000000075ec80000)
 Metaspace       used 75733K, committed 77504K, reserved 1179648K
  class space    used 8683K, committed 9472K, reserved 1048576K
}
Event: 99.538 GC heap before
{Heap before GC invocations=398 (full 3):
 PSYoungGen      total 6144K, used 5426K [0x00000007c0000000, 0x00000007c0700000, 0x0000000800000000)
  eden space 4608K, 100% used [0x00000007c0000000,0x00000007c0480000,0x00000007c0480000)
  from space 1536K, 53% used [0x00000007c0580000,0x00000007c064c948,0x00000007c0700000)
  to   space 1024K, 0% used [0x00000007c0480000,0x00000007c0480000,0x00000007c0580000)
 ParOldGen       total 504320K, used 504243K [0x0000000740000000, 0x000000075ec80000, 0x00000007c0000000)
  object space 504320K, 99% used [0x0000000740000000,0x000000075ec6cdd8,0x000000075ec80000)
 Metaspace       used 75747K, committed 77504K, reserved 1179648K
  class space    used 8683K, committed 9472K, reserved 1048576K
}
Event: 99.555 GC heap after
{Heap after GC invocations=398 (full 3):
 PSYoungGen      total 5632K, used 768K [0x00000007c0000000, 0x00000007c0680000, 0x0000000800000000)
  eden space 4608K, 0% used [0x00000007c0000000,0x00000007c0000000,0x00000007c0480000)
  from space 1024K, 75% used [0x00000007c0480000,0x00000007c0540000,0x00000007c0580000)
  to   space 1024K, 0% used [0x00000007c0580000,0x00000007c0580000,0x00000007c0680000)
 ParOldGen       total 504832K, used 504739K [0x0000000740000000, 0x000000075ed00000, 0x00000007c0000000)
  object space 504832K, 99% used [0x0000000740000000,0x000000075ece8fd8,0x000000075ed00000)
 Metaspace       used 75747K, committed 77504K, reserved 1179648K
  class space    used 8683K, committed 9472K, reserved 1048576K
}
Event: 99.587 GC heap before
{Heap before GC invocations=399 (full 3):
 PSYoungGen      total 5632K, used 5376K [0x00000007c0000000, 0x00000007c0680000, 0x0000000800000000)
  eden space 4608K, 100% used [0x00000007c0000000,0x00000007c0480000,0x00000007c0480000)
  from space 1024K, 75% used [0x00000007c0480000,0x00000007c0540000,0x00000007c0580000)
  to   space 1024K, 0% used [0x00000007c0580000,0x00000007c0580000,0x00000007c0680000)
 ParOldGen       total 504832K, used 504739K [0x0000000740000000, 0x000000075ed00000, 0x00000007c0000000)
  object space 504832K, 99% used [0x0000000740000000,0x000000075ece8fd8,0x000000075ed00000)
 Metaspace       used 75757K, committed 77504K, reserved 1179648K
  class space    used 8683K, committed 9472K, reserved 1048576K
}
Event: 99.589 GC heap after
{Heap after GC invocations=399 (full 3):
 PSYoungGen      total 5632K, used 672K [0x00000007c0000000, 0x00000007c0680000, 0x0000000800000000)
  eden space 4608K, 0% used [0x00000007c0000000,0x00000007c0000000,0x00000007c0480000)
  from space 1024K, 65% used [0x00000007c0580000,0x00000007c0628000,0x00000007c0680000)
  to   space 1024K, 0% used [0x00000007c0480000,0x00000007c0480000,0x00000007c0580000)
 ParOldGen       total 505344K, used 505043K [0x0000000740000000, 0x000000075ed80000, 0x00000007c0000000)
  object space 505344K, 99% used [0x0000000740000000,0x000000075ed34fe8,0x000000075ed80000)
 Metaspace       used 75757K, committed 77504K, reserved 1179648K
  class space    used 8683K, committed 9472K, reserved 1048576K
}
Event: 99.627 GC heap before
{Heap before GC invocations=400 (full 3):
 PSYoungGen      total 5632K, used 5280K [0x00000007c0000000, 0x00000007c0680000, 0x0000000800000000)
  eden space 4608K, 100% used [0x00000007c0000000,0x00000007c0480000,0x00000007c0480000)
  from space 1024K, 65% used [0x00000007c0580000,0x00000007c0628000,0x00000007c0680000)
  to   space 1024K, 0% used [0x00000007c0480000,0x00000007c0480000,0x00000007c0580000)
 ParOldGen       total 505344K, used 505043K [0x0000000740000000, 0x000000075ed80000, 0x00000007c0000000)
  object space 505344K, 99% used [0x0000000740000000,0x000000075ed34fe8,0x000000075ed80000)
 Metaspace       used 75770K, committed 77568K, reserved 1179648K
  class space    used 8683K, committed 9472K, reserved 1048576K
}
Event: 99.631 GC heap after
{Heap after GC invocations=400 (full 3):
 PSYoungGen      total 5632K, used 672K [0x00000007c0000000, 0x00000007c0680000, 0x0000000800000000)
  eden space 4608K, 0% used [0x00000007c0000000,0x00000007c0000000,0x00000007c0480000)
  from space 1024K, 65% used [0x00000007c0480000,0x00000007c0528000,0x00000007c0580000)
  to   space 1024K, 0% used [0x00000007c0580000,0x00000007c0580000,0x00000007c0680000)
 ParOldGen       total 505344K, used 505308K [0x0000000740000000, 0x000000075ed80000, 0x00000007c0000000)
  object space 505344K, 99% used [0x0000000740000000,0x000000075ed77008,0x000000075ed80000)
 Metaspace       used 75770K, committed 77568K, reserved 1179648K
  class space    used 8683K, committed 9472K, reserved 1048576K
}

